[debug] [2024-11-30T02:23:09.648Z] ----------------------------------------------------------------------
[debug] [2024-11-30T02:23:09.652Z] Command:       C:\Program Files\nodejs\node.exe C:\Users\selam\AppData\Roaming\npm\node_modules\firebase-tools\lib\bin\firebase.js functions:shell
[debug] [2024-11-30T02:23:09.653Z] CLI Version:   13.27.0
[debug] [2024-11-30T02:23:09.653Z] Platform:      win32
[debug] [2024-11-30T02:23:09.654Z] Node Version:  v20.17.0
[debug] [2024-11-30T02:23:09.654Z] Time:          Fri Nov 29 2024 21:23:09 GMT-0500 (Eastern Standard Time)
[debug] [2024-11-30T02:23:09.654Z] ----------------------------------------------------------------------
[debug] 
[debug] [2024-11-30T02:23:09.659Z] >>> [apiv2][query] GET https://firebase-public.firebaseio.com/cli.json [none]
[debug] [2024-11-30T02:23:09.846Z] > command requires scopes: ["email","openid","https://www.googleapis.com/auth/cloudplatformprojects.readonly","https://www.googleapis.com/auth/firebase","https://www.googleapis.com/auth/cloud-platform"]
[debug] [2024-11-30T02:23:09.846Z] > authorizing via signed-in user (selamwebbekele@gmail.com)
[debug] [2024-11-30T02:23:09.846Z] [iam] checking project clone-2024-a9a9c for permissions ["firebase.projects.get"]
[debug] [2024-11-30T02:23:09.847Z] Checked if tokens are valid: false, expires at: 1732759810649
[debug] [2024-11-30T02:23:09.847Z] Checked if tokens are valid: false, expires at: 1732759810649
[debug] [2024-11-30T02:23:09.848Z] > refreshing access token with scopes: []
[debug] [2024-11-30T02:23:09.849Z] >>> [apiv2][query] POST https://www.googleapis.com/oauth2/v3/token [none]
[debug] [2024-11-30T02:23:09.849Z] >>> [apiv2][body] POST https://www.googleapis.com/oauth2/v3/token [omitted]
[debug] [2024-11-30T02:23:09.988Z] <<< [apiv2][status] GET https://firebase-public.firebaseio.com/cli.json 200
[debug] [2024-11-30T02:23:09.988Z] <<< [apiv2][body] GET https://firebase-public.firebaseio.com/cli.json {"cloudBuildErrorAfter":1594252800000,"cloudBuildWarnAfter":1590019200000,"defaultNode10After":1594252800000,"minVersion":"3.0.5","node8DeploysDisabledAfter":1613390400000,"node8RuntimeDisabledAfter":1615809600000,"node8WarnAfter":1600128000000}
[debug] [2024-11-30T02:23:10.001Z] <<< [apiv2][status] POST https://www.googleapis.com/oauth2/v3/token 200
[debug] [2024-11-30T02:23:10.001Z] <<< [apiv2][body] POST https://www.googleapis.com/oauth2/v3/token [omitted]
[debug] [2024-11-30T02:23:10.009Z] >>> [apiv2][query] POST https://cloudresourcemanager.googleapis.com/v1/projects/clone-2024-a9a9c:testIamPermissions [none]
[debug] [2024-11-30T02:23:10.009Z] >>> [apiv2][(partial)header] POST https://cloudresourcemanager.googleapis.com/v1/projects/clone-2024-a9a9c:testIamPermissions x-goog-quota-user=projects/clone-2024-a9a9c
[debug] [2024-11-30T02:23:10.009Z] >>> [apiv2][body] POST https://cloudresourcemanager.googleapis.com/v1/projects/clone-2024-a9a9c:testIamPermissions {"permissions":["firebase.projects.get"]}
[debug] [2024-11-30T02:23:10.174Z] <<< [apiv2][status] POST https://cloudresourcemanager.googleapis.com/v1/projects/clone-2024-a9a9c:testIamPermissions 200
[debug] [2024-11-30T02:23:10.174Z] <<< [apiv2][body] POST https://cloudresourcemanager.googleapis.com/v1/projects/clone-2024-a9a9c:testIamPermissions {"permissions":["firebase.projects.get"]}
[debug] [2024-11-30T02:23:10.179Z] [functions] Functions Emulator only supports listening on one address (127.0.0.1). Not listening on ::1
[debug] [2024-11-30T02:23:10.181Z] defaultcredentials: writing to file C:\Users\selam\AppData\Roaming\firebase\selamwebbekele_gmail_com_application_default_credentials.json
[debug] [2024-11-30T02:23:10.182Z] DEBUG: Setting GAC to C:\Users\selam\AppData\Roaming\firebase\selamwebbekele_gmail_com_application_default_credentials.json
[debug] [2024-11-30T02:23:10.183Z] Checked if tokens are valid: true, expires at: 1732936989001
[debug] [2024-11-30T02:23:10.183Z] Checked if tokens are valid: true, expires at: 1732936989001
[debug] [2024-11-30T02:23:10.183Z] >>> [apiv2][query] GET https://firebase.googleapis.com/v1beta1/projects/clone-2024-a9a9c/adminSdkConfig [none]
[debug] [2024-11-30T02:23:10.582Z] <<< [apiv2][status] GET https://firebase.googleapis.com/v1beta1/projects/clone-2024-a9a9c/adminSdkConfig 200
[debug] [2024-11-30T02:23:10.582Z] <<< [apiv2][body] GET https://firebase.googleapis.com/v1beta1/projects/clone-2024-a9a9c/adminSdkConfig {"projectId":"clone-2024-a9a9c","storageBucket":"clone-2024-a9a9c.firebasestorage.app"}
[debug] [2024-11-30T02:23:10.593Z] [functions] Watching "C:\Users\selam\OneDrive\Desktop\Evangadi\Evangadi2\Phase-4\Amazon-Clone-2024\amazon-clone-2024\functions" for Cloud Functions...
[debug] [2024-11-30T02:23:10.598Z] Validating nodejs source
[debug] [2024-11-30T02:23:11.923Z] > [functions] package.json contents: {
  "name": "functions",
  "description": "Cloud Functions for Firebase",
  "scripts": {
    "serve": "firebase emulators:start --only functions",
    "shell": "firebase functions:shell",
    "start": "npm run shell",
    "deploy": "firebase deploy --only functions",
    "logs": "firebase functions:log"
  },
  "engines": {
    "node": "18"
  },
  "main": "index.js",
  "dependencies": {
    "cors": "^2.8.5",
    "dotenv": "^16.4.5",
    "express": "^4.21.1",
    "firebase-admin": "^12.6.0",
    "firebase-functions": "^6.0.1",
    "stripe": "^17.4.0"
  },
  "devDependencies": {
    "firebase-functions-test": "^3.1.0"
  },
  "private": true
}
[debug] [2024-11-30T02:23:11.924Z] Building nodejs source
[debug] [2024-11-30T02:23:11.925Z] Failed to find version of module node: reached end of search path C:\Users\selam\OneDrive\Desktop\Evangadi\Evangadi2\Phase-4\Amazon-Clone-2024\amazon-clone-2024\functions\node_modules
[warn] !  functions: Your requested "node" version "18" doesn't match your global version "20". Using node@20 from host. 
[info] i  functions: Loaded environment variables from .env. 
[debug] [2024-11-30T02:23:11.930Z] Could not find functions.yaml. Must use http discovery
[debug] [2024-11-30T02:23:11.939Z] Found firebase-functions binary at 'C:\Users\selam\OneDrive\Desktop\Evangadi\Evangadi2\Phase-4\Amazon-Clone-2024\amazon-clone-2024\functions\node_modules\.bin\firebase-functions'
[info] Serving at port 8873

[debug] [2024-11-30T02:23:13.280Z] Got response from /__/functions.yaml {"endpoints":{"api":{"availableMemoryMb":null,"timeoutSeconds":null,"minInstances":null,"maxInstances":10,"ingressSettings":null,"concurrency":null,"serviceAccountEmail":null,"vpc":null,"platform":"gcfv2","labels":{},"httpsTrigger":{},"entryPoint":"api"}},"specVersion":"v1alpha1","requiredAPIs":[],"extensions":{}}
[debug] [2024-11-30T02:23:18.315Z] [functions] Loaded functions definitions from source: api.
[debug] [2024-11-30T02:23:18.315Z] [functions[us-central1-api]] http function initialized (http://127.0.0.1:5000/clone-2024-a9a9c/us-central1/api).
[info] i  functions: Loaded functions: api 
[warn] !  functions: The following emulators are not running, calls to these services will affect production: firestore, database, pubsub, storage, eventarc, tasks 
